0 verbose cli [ '/usr/local/bin/node', '/usr/local/bin/npm', 'start' ]
1 info using npm@7.11.2
2 info using node@v16.1.0
3 timing npm:load:whichnode Completed in 2ms
4 timing config:load:defaults Completed in 2ms
5 timing config:load:file:/usr/local/lib/node_modules/npm/npmrc Completed in 1ms
6 timing config:load:builtin Completed in 1ms
7 timing config:load:cli Completed in 2ms
8 timing config:load:env Completed in 0ms
9 timing config:load:file:/site/.npmrc Completed in 0ms
10 timing config:load:project Completed in 1ms
11 timing config:load:file:/root/.npmrc Completed in 1ms
12 timing config:load:user Completed in 1ms
13 timing config:load:file:/usr/local/etc/npmrc Completed in 0ms
14 timing config:load:global Completed in 0ms
15 timing config:load:validate Completed in 0ms
16 timing config:load:credentials Completed in 1ms
17 timing config:load:setEnvs Completed in 1ms
18 timing config:load Completed in 10ms
19 timing npm:load:configload Completed in 10ms
20 timing npm:load:setTitle Completed in 0ms
21 timing npm:load:setupLog Completed in 2ms
22 timing npm:load:cleanupLog Completed in 3ms
23 timing npm:load:configScope Completed in 0ms
24 timing npm:load:projectScope Completed in 0ms
25 timing npm:load Completed in 17ms
26 timing config:load:flatten Completed in 4ms
27 timing command:run-script Completed in 7ms
28 timing command:start Completed in 13ms
29 verbose stack Error: Missing script: "start"
29 verbose stack
29 verbose stack Did you mean one of these?
29 verbose stack     npm star # Mark your favorite packages
29 verbose stack     npm stars # View packages marked as favorites
29 verbose stack
29 verbose stack To see a list of scripts, run:
29 verbose stack   npm run
29 verbose stack     at RunScript.run (/usr/local/lib/node_modules/npm/lib/run-script.js:99:13)
30 verbose cwd /site
31 verbose Linux 5.4.0-80-generic
32 verbose argv "/usr/local/bin/node" "/usr/local/bin/npm" "start"
33 verbose node v16.1.0
34 verbose npm  v7.11.2
35 error Missing script: "start"
35 error
35 error Did you mean one of these?
35 error     npm star # Mark your favorite packages
35 error     npm stars # View packages marked as favorites
35 error
35 error To see a list of scripts, run:
35 error   npm run
36 verbose exit 1
